# JRE version: Java(TM) SE Runtime Environment (8.0-b123) (build 1.8.0-ea-b123)
# Java VM: Java HotSpot(TM) 64-Bit Server VM (25.0-b65 mixed mode bsd-amd64 compressed oops)
Heap:
 PSYoungGen      total 68608K, used 20718K [0x0000000795580000, 0x000000079a280000, 0x00000007c0000000)
  eden space 59392K, 34% used [0x0000000795580000,0x00000007969572c8,0x0000000798f80000)
  from space 9216K, 4% used [0x0000000799980000,0x00000007999e4930,0x000000079a280000)
  to   space 9728K, 0% used [0x0000000798f80000,0x0000000798f80000,0x0000000799900000)
 ParOldGen       total 33792K, used 22096K [0x0000000740000000, 0x0000000742100000, 0x0000000795580000)
  object space 33792K, 65% used [0x0000000740000000,0x0000000741594380,0x0000000742100000)
 Metaspace       used 33507K, capacity 33836K, committed 34176K, reserved 1079296K
  class space    used 4401K, capacity 4471K, committed 4480K, reserved 1048576K
GC Heap History (10 events):
Event: 9.701 GC heap before
{Heap before GC invocations=28 (full 3):
 PSYoungGen      total 52736K, used 51736K [0x0000000795580000, 0x0000000799600000, 0x00000007c0000000)
  eden space 44032K, 99% used [0x0000000795580000,0x00000007980728f0,0x0000000798080000)
  from space 8704K, 89% used [0x0000000798a00000,0x0000000799193950,0x0000000799280000)
  to   space 9728K, 0% used [0x0000000798080000,0x0000000798080000,0x0000000798a00000)
 ParOldGen       total 26112K, used 17690K [0x0000000740000000, 0x0000000741980000, 0x0000000795580000)
  object space 26112K, 67% used [0x0000000740000000,0x00000007411469d0,0x0000000741980000)
 Metaspace       used 33373K, capacity 33708K, committed 33920K, reserved 1079296K
  class space    used 4380K, capacity 4471K, committed 4480K, reserved 1048576K
Event: 9.704 GC heap after
Heap after GC invocations=28 (full 3):
 PSYoungGen      total 53760K, used 5772K [0x0000000795580000, 0x0000000799d00000, 0x00000007c0000000)
  eden space 44032K, 0% used [0x0000000795580000,0x0000000795580000,0x0000000798080000)
  from space 9728K, 59% used [0x0000000798080000,0x0000000798623398,0x0000000798a00000)
  to   space 10240K, 0% used [0x0000000799300000,0x0000000799300000,0x0000000799d00000)
 ParOldGen       total 26112K, used 17698K [0x0000000740000000, 0x0000000741980000, 0x0000000795580000)
  object space 26112K, 67% used [0x0000000740000000,0x00000007411489d0,0x0000000741980000)
 Metaspace       used 33373K, capacity 33708K, committed 33920K, reserved 1079296K
  class space    used 4380K, capacity 4471K, committed 4480K, reserved 1048576K
}
Event: 9.712 GC heap before
{Heap before GC invocations=29 (full 3):
 PSYoungGen      total 53760K, used 49785K [0x0000000795580000, 0x0000000799d00000, 0x00000007c0000000)
  eden space 44032K, 99% used [0x0000000795580000,0x000000079807b090,0x0000000798080000)
  from space 9728K, 59% used [0x0000000798080000,0x0000000798623398,0x0000000798a00000)
  to   space 10240K, 0% used [0x0000000799300000,0x0000000799300000,0x0000000799d00000)
 ParOldGen       total 26112K, used 17698K [0x0000000740000000, 0x0000000741980000, 0x0000000795580000)
  object space 26112K, 67% used [0x0000000740000000,0x00000007411489d0,0x0000000741980000)
 Metaspace       used 33373K, capacity 33708K, committed 33920K, reserved 1079296K
  class space    used 4380K, capacity 4471K, committed 4480K, reserved 1048576K
Event: 9.716 GC heap after
Heap after GC invocations=29 (full 3):
 PSYoungGen      total 62976K, used 235K [0x0000000795580000, 0x0000000799e80000, 0x00000007c0000000)
  eden space 52736K, 0% used [0x0000000795580000,0x0000000795580000,0x0000000798900000)
  from space 10240K, 2% used [0x0000000799300000,0x000000079933aee8,0x0000000799d00000)
  to   space 10240K, 0% used [0x0000000798900000,0x0000000798900000,0x0000000799300000)
 ParOldGen       total 26112K, used 25320K [0x0000000740000000, 0x0000000741980000, 0x0000000795580000)
  object space 26112K, 96% used [0x0000000740000000,0x00000007418ba250,0x0000000741980000)
 Metaspace       used 33373K, capacity 33708K, committed 33920K, reserved 1079296K
  class space    used 4380K, capacity 4471K, committed 4480K, reserved 1048576K
}
Event: 9.716 GC heap before
{Heap before GC invocations=30 (full 4):
 PSYoungGen      total 62976K, used 235K [0x0000000795580000, 0x0000000799e80000, 0x00000007c0000000)
  eden space 52736K, 0% used [0x0000000795580000,0x0000000795580000,0x0000000798900000)
  from space 10240K, 2% used [0x0000000799300000,0x000000079933aee8,0x0000000799d00000)
  to   space 10240K, 0% used [0x0000000798900000,0x0000000798900000,0x0000000799300000)
 ParOldGen       total 26112K, used 25320K [0x0000000740000000, 0x0000000741980000, 0x0000000795580000)
  object space 26112K, 96% used [0x0000000740000000,0x00000007418ba250,0x0000000741980000)
 Metaspace       used 33373K, capacity 33708K, committed 33920K, reserved 1079296K
  class space    used 4380K, capacity 4471K, committed 4480K, reserved 1048576K
Event: 9.761 GC heap after
Heap after GC invocations=30 (full 4):
 PSYoungGen      total 62976K, used 0K [0x0000000795580000, 0x0000000799e80000, 0x00000007c0000000)
  eden space 52736K, 0% used [0x0000000795580000,0x0000000795580000,0x0000000798900000)
  from space 10240K, 0% used [0x0000000799300000,0x0000000799300000,0x0000000799d00000)
  to   space 10240K, 0% used [0x0000000798900000,0x0000000798900000,0x0000000799300000)
 ParOldGen       total 33792K, used 22096K [0x0000000740000000, 0x0000000742100000, 0x0000000795580000)
  object space 33792K, 65% used [0x0000000740000000,0x0000000741594380,0x0000000742100000)
 Metaspace       used 33373K, capacity 33708K, committed 33920K, reserved 1079296K
  class space    used 4380K, capacity 4471K, committed 4480K, reserved 1048576K
}
Event: 9.771 GC heap before
{Heap before GC invocations=31 (full 4):
 PSYoungGen      total 62976K, used 52658K [0x0000000795580000, 0x0000000799e80000, 0x00000007c0000000)
  eden space 52736K, 99% used [0x0000000795580000,0x00000007988eca88,0x0000000798900000)
  from space 10240K, 0% used [0x0000000799300000,0x0000000799300000,0x0000000799d00000)
  to   space 10240K, 0% used [0x0000000798900000,0x0000000798900000,0x0000000799300000)
 ParOldGen       total 33792K, used 22096K [0x0000000740000000, 0x0000000742100000, 0x0000000795580000)
  object space 33792K, 65% used [0x0000000740000000,0x0000000741594380,0x0000000742100000)
 Metaspace       used 33373K, capacity 33708K, committed 33920K, reserved 1079296K
  class space    used 4380K, capacity 4471K, committed 4480K, reserved 1048576K
Event: 9.772 GC heap after
Heap after GC invocations=31 (full 4):
 PSYoungGen      total 62976K, used 359K [0x0000000795580000, 0x000000079a380000, 0x00000007c0000000)
  eden space 52736K, 0% used [0x0000000795580000,0x0000000795580000,0x0000000798900000)
  from space 10240K, 3% used [0x0000000798900000,0x0000000798959fe0,0x0000000799300000)
  to   space 10240K, 0% used [0x0000000799980000,0x0000000799980000,0x000000079a380000)
 ParOldGen       total 33792K, used 22096K [0x0000000740000000, 0x0000000742100000, 0x0000000795580000)
  object space 33792K, 65% used [0x0000000740000000,0x0000000741594380,0x0000000742100000)
 Metaspace       used 33373K, capacity 33708K, committed 33920K, reserved 1079296K
  class space    used 4380K, capacity 4471K, committed 4480K, reserved 1048576K
}
Event: 9.782 GC heap before
{Heap before GC invocations=32 (full 4):
 PSYoungGen      total 62976K, used 53083K [0x0000000795580000, 0x000000079a380000, 0x00000007c0000000)
  eden space 52736K, 99% used [0x0000000795580000,0x00000007988fce08,0x0000000798900000)
  from space 10240K, 3% used [0x0000000798900000,0x0000000798959fe0,0x0000000799300000)
  to   space 10240K, 0% used [0x0000000799980000,0x0000000799980000,0x000000079a380000)
 ParOldGen       total 33792K, used 22096K [0x0000000740000000, 0x0000000742100000, 0x0000000795580000)
  object space 33792K, 65% used [0x0000000740000000,0x0000000741594380,0x0000000742100000)
 Metaspace       used 33373K, capacity 33708K, committed 33920K, reserved 1079296K
  class space    used 4380K, capacity 4471K, committed 4480K, reserved 1048576K
Event: 9.783 GC heap after
Heap after GC invocations=32 (full 4):
 PSYoungGen      total 68608K, used 402K [0x0000000795580000, 0x000000079a280000, 0x00000007c0000000)
  eden space 59392K, 0% used [0x0000000795580000,0x0000000795580000,0x0000000798f80000)
  from space 9216K, 4% used [0x0000000799980000,0x00000007999e4930,0x000000079a280000)
  to   space 9728K, 0% used [0x0000000798f80000,0x0000000798f80000,0x0000000799900000)
 ParOldGen       total 33792K, used 22096K [0x0000000740000000, 0x0000000742100000, 0x0000000795580000)
  object space 33792K, 65% used [0x0000000740000000,0x0000000741594380,0x0000000742100000)
 Metaspace       used 33373K, capacity 33708K, committed 33920K, reserved 1079296K
  class space    used 4380K, capacity 4471K, committed 4480K, reserved 1048576K
}

