# JRE version: Java(TM) SE Runtime Environment (8.0-b124) (build 1.8.0-ea-b124)
# Java VM: Java HotSpot(TM) 64-Bit Server VM (25.0-b66 mixed mode bsd-amd64 compressed oops)
Heap:
 PSYoungGen      total 45568K, used 7940K [0x0000000795580000, 0x0000000799400000, 0x00000007c0000000)
  eden space 44032K, 18% used [0x0000000795580000,0x0000000795d41210,0x0000000798080000)
  from space 1536K, 0% used [0x0000000798800000,0x0000000798800000,0x0000000798980000)
  to   space 7680K, 0% used [0x0000000798080000,0x0000000798080000,0x0000000798800000)
 ParOldGen       total 25088K, used 17796K [0x0000000740000000, 0x0000000741880000, 0x0000000795580000)
  object space 25088K, 70% used [0x0000000740000000,0x00000007411611f0,0x0000000741880000)
 Metaspace       used 30545K, capacity 30934K, committed 31232K, reserved 1077248K
  class space    used 4182K, capacity 4270K, committed 4352K, reserved 1048576K
GC Heap History (10 events):
Event: 2.610 GC heap before
{Heap before GC invocations=16 (full 1):
 PSYoungGen      total 34304K, used 1632K [0x0000000795580000, 0x0000000798c80000, 0x00000007c0000000)
  eden space 30720K, 0% used [0x0000000795580000,0x0000000795580000,0x0000000797380000)
  from space 3584K, 45% used [0x0000000797380000,0x0000000797518000,0x0000000797700000)
  to   space 3584K, 0% used [0x0000000798900000,0x0000000798900000,0x0000000798c80000)
 ParOldGen       total 129536K, used 8480K [0x0000000740000000, 0x0000000747e80000, 0x0000000795580000)
  object space 129536K, 6% used [0x0000000740000000,0x0000000740848360,0x0000000747e80000)
 Metaspace       used 20825K, capacity 21146K, committed 21248K, reserved 1069056K
  class space    used 2427K, capacity 2525K, committed 2560K, reserved 1048576K
Event: 2.687 GC heap after
Heap after GC invocations=16 (full 1):
 PSYoungGen      total 34304K, used 0K [0x0000000795580000, 0x0000000798c80000, 0x00000007c0000000)
  eden space 30720K, 0% used [0x0000000795580000,0x0000000795580000,0x0000000797380000)
  from space 3584K, 0% used [0x0000000797380000,0x0000000797380000,0x0000000797700000)
  to   space 3584K, 0% used [0x0000000798900000,0x0000000798900000,0x0000000798c80000)
 ParOldGen       total 11776K, used 8487K [0x0000000740000000, 0x0000000740b80000, 0x0000000795580000)
  object space 11776K, 72% used [0x0000000740000000,0x0000000740849e20,0x0000000740b80000)
 Metaspace       used 20825K, capacity 21146K, committed 21248K, reserved 1069056K
  class space    used 2427K, capacity 2525K, committed 2560K, reserved 1048576K
}
Event: 2.974 GC heap before
{Heap before GC invocations=17 (full 1):
 PSYoungGen      total 34304K, used 30537K [0x0000000795580000, 0x0000000798c80000, 0x00000007c0000000)
  eden space 30720K, 99% used [0x0000000795580000,0x0000000797352558,0x0000000797380000)
  from space 3584K, 0% used [0x0000000797380000,0x0000000797380000,0x0000000797700000)
  to   space 3584K, 0% used [0x0000000798900000,0x0000000798900000,0x0000000798c80000)
 ParOldGen       total 11776K, used 8487K [0x0000000740000000, 0x0000000740b80000, 0x0000000795580000)
  object space 11776K, 72% used [0x0000000740000000,0x0000000740849e20,0x0000000740b80000)
 Metaspace       used 23123K, capacity 23486K, committed 23808K, reserved 1071104K
  class space    used 2902K, capacity 2986K, committed 3072K, reserved 1048576K
Event: 2.976 GC heap after
Heap after GC invocations=17 (full 1):
 PSYoungGen      total 38912K, used 1612K [0x0000000795580000, 0x0000000798b00000, 0x00000007c0000000)
  eden space 36864K, 0% used [0x0000000795580000,0x0000000795580000,0x0000000797980000)
  from space 2048K, 78% used [0x0000000798900000,0x0000000798a93000,0x0000000798b00000)
  to   space 3072K, 0% used [0x0000000798500000,0x0000000798500000,0x0000000798800000)
 ParOldGen       total 11776K, used 8495K [0x0000000740000000, 0x0000000740b80000, 0x0000000795580000)
  object space 11776K, 72% used [0x0000000740000000,0x000000074084be20,0x0000000740b80000)
 Metaspace       used 23123K, capacity 23486K, committed 23808K, reserved 1071104K
  class space    used 2902K, capacity 2986K, committed 3072K, reserved 1048576K
}
Event: 3.056 GC heap before
{Heap before GC invocations=18 (full 1):
 PSYoungGen      total 38912K, used 38159K [0x0000000795580000, 0x0000000798b00000, 0x00000007c0000000)
  eden space 36864K, 99% used [0x0000000795580000,0x0000000797930eb0,0x0000000797980000)
  from space 2048K, 78% used [0x0000000798900000,0x0000000798a93000,0x0000000798b00000)
  to   space 3072K, 0% used [0x0000000798500000,0x0000000798500000,0x0000000798800000)
 ParOldGen       total 11776K, used 8495K [0x0000000740000000, 0x0000000740b80000, 0x0000000795580000)
  object space 11776K, 72% used [0x0000000740000000,0x000000074084be20,0x0000000740b80000)
 Metaspace       used 23217K, capacity 23524K, committed 23808K, reserved 1071104K
  class space    used 2917K, capacity 3019K, committed 3072K, reserved 1048576K
Event: 3.059 GC heap after
Heap after GC invocations=18 (full 1):
 PSYoungGen      total 46080K, used 3062K [0x0000000795580000, 0x0000000798980000, 0x00000007c0000000)
  eden space 43008K, 0% used [0x0000000795580000,0x0000000795580000,0x0000000797f80000)
  from space 3072K, 99% used [0x0000000798500000,0x00000007987fd8b0,0x0000000798800000)
  to   space 1536K, 0% used [0x0000000798800000,0x0000000798800000,0x0000000798980000)
 ParOldGen       total 11776K, used 9363K [0x0000000740000000, 0x0000000740b80000, 0x0000000795580000)
  object space 11776K, 79% used [0x0000000740000000,0x0000000740924c98,0x0000000740b80000)
 Metaspace       used 23217K, capacity 23524K, committed 23808K, reserved 1071104K
  class space    used 2917K, capacity 3019K, committed 3072K, reserved 1048576K
}
Event: 9.962 GC heap before
{Heap before GC invocations=19 (full 1):
 PSYoungGen      total 46080K, used 46070K [0x0000000795580000, 0x0000000798980000, 0x00000007c0000000)
  eden space 43008K, 100% used [0x0000000795580000,0x0000000797f80000,0x0000000797f80000)
  from space 3072K, 99% used [0x0000000798500000,0x00000007987fd8b0,0x0000000798800000)
  to   space 1536K, 0% used [0x0000000798800000,0x0000000798800000,0x0000000798980000)
 ParOldGen       total 11776K, used 9363K [0x0000000740000000, 0x0000000740b80000, 0x0000000795580000)
  object space 11776K, 79% used [0x0000000740000000,0x0000000740924c98,0x0000000740b80000)
 Metaspace       used 29607K, capacity 29930K, committed 30208K, reserved 1075200K
  class space    used 3961K, capacity 4044K, committed 4096K, reserved 1048576K
Event: 9.969 GC heap after
Heap after GC invocations=19 (full 1):
 PSYoungGen      total 45568K, used 1530K [0x0000000795580000, 0x0000000799400000, 0x00000007c0000000)
  eden space 44032K, 0% used [0x0000000795580000,0x0000000795580000,0x0000000798080000)
  from space 1536K, 99% used [0x0000000798800000,0x000000079897eb48,0x0000000798980000)
  to   space 7680K, 0% used [0x0000000798080000,0x0000000798080000,0x0000000798800000)
 ParOldGen       total 20992K, used 19483K [0x0000000740000000, 0x0000000741480000, 0x0000000795580000)
  object space 20992K, 92% used [0x0000000740000000,0x0000000741306d60,0x0000000741480000)
 Metaspace       used 29607K, capacity 29930K, committed 30208K, reserved 1075200K
  class space    used 3961K, capacity 4044K, committed 4096K, reserved 1048576K
}
Event: 9.969 GC heap before
{Heap before GC invocations=20 (full 2):
 PSYoungGen      total 45568K, used 1530K [0x0000000795580000, 0x0000000799400000, 0x00000007c0000000)
  eden space 44032K, 0% used [0x0000000795580000,0x0000000795580000,0x0000000798080000)
  from space 1536K, 99% used [0x0000000798800000,0x000000079897eb48,0x0000000798980000)
  to   space 7680K, 0% used [0x0000000798080000,0x0000000798080000,0x0000000798800000)
 ParOldGen       total 20992K, used 19483K [0x0000000740000000, 0x0000000741480000, 0x0000000795580000)
  object space 20992K, 92% used [0x0000000740000000,0x0000000741306d60,0x0000000741480000)
 Metaspace       used 29607K, capacity 29930K, committed 30208K, reserved 1075200K
  class space    used 3961K, capacity 4044K, committed 4096K, reserved 1048576K
Event: 10.037 GC heap after
Heap after GC invocations=20 (full 2):
 PSYoungGen      total 45568K, used 0K [0x0000000795580000, 0x0000000799400000, 0x00000007c0000000)
  eden space 44032K, 0% used [0x0000000795580000,0x0000000795580000,0x0000000798080000)
  from space 1536K, 0% used [0x0000000798800000,0x0000000798800000,0x0000000798980000)
  to   space 7680K, 0% used [0x0000000798080000,0x0000000798080000,0x0000000798800000)
 ParOldGen       total 25088K, used 17796K [0x0000000740000000, 0x0000000741880000, 0x0000000795580000)
  object space 25088K, 70% used [0x0000000740000000,0x00000007411611f0,0x0000000741880000)
 Metaspace       used 29607K, capacity 29930K, committed 30208K, reserved 1075200K
  class space    used 3961K, capacity 4044K, committed 4096K, reserved 1048576K
}

